<?xml version="1.0" encoding="utf-8"?><testsuites name="pytest tests"><testsuite name="pytest" errors="0" failures="0" skipped="0" tests="14" time="6.378" timestamp="2026-04-21T20:26:12.010556+00:00" hostname="agent-env-64f2cd86-7aff-47d8-9fb4-8491955bea0b"><testcase classname="backend.tests.test_iteration4_features.TestCheckInEndpoints" name="test_check_in_player_success" time="1.332" /><testcase classname="backend.tests.test_iteration4_features.TestCheckInEndpoints" name="test_undo_check_in_player_success" time="0.421" /><testcase classname="backend.tests.test_iteration4_features.TestCheckInEndpoints" name="test_check_in_nonexistent_player" time="0.107" /><testcase classname="backend.tests.test_iteration4_features.TestCheckInEndpoints" name="test_check_in_requires_auth" time="0.073" /><testcase classname="backend.tests.test_iteration4_features.TestDashboardCheckedInCount" name="test_dashboard_returns_checked_in_count" time="0.800" /><testcase classname="backend.tests.test_iteration4_features.TestTeamScoreEndpoint" name="test_set_team_score_success" time="0.291" /><testcase classname="backend.tests.test_iteration4_features.TestTeamScoreEndpoint" name="test_set_team_score_nonexistent_team" time="0.114" /><testcase classname="backend.tests.test_iteration4_features.TestTeamScoreEndpoint" name="test_set_team_score_requires_auth" time="0.072" /><testcase classname="backend.tests.test_iteration4_features.TestLeaderboardEndpoint" name="test_leaderboard_is_public" time="0.159" /><testcase classname="backend.tests.test_iteration4_features.TestLeaderboardEndpoint" name="test_leaderboard_returns_team_data" time="0.166" /><testcase classname="backend.tests.test_iteration4_features.TestLeaderboardEndpoint" name="test_leaderboard_sorted_by_score_ascending" time="1.635" /><testcase classname="backend.tests.test_iteration4_features.TestLeaderboardEndpoint" name="test_leaderboard_scored_teams_first" time="0.774" /><testcase classname="backend.tests.test_iteration4_features.TestAdminLogin" name="test_admin_login_success" time="0.076" /><testcase classname="backend.tests.test_iteration4_features.TestAdminLogin" name="test_admin_login_invalid_credentials" time="0.240" /></testsuite></testsuites>