<?xml version="1.0" encoding="utf-8"?><testsuites name="pytest tests"><testsuite name="pytest" errors="0" failures="0" skipped="0" tests="13" time="2.645" timestamp="2026-04-21T17:37:27.892898+00:00" hostname="agent-env-64f2cd86-7aff-47d8-9fb4-8491955bea0b"><testcase classname="backend.tests.test_join_existing_team.TestAvailableTeamsEndpoint" name="test_available_teams_returns_200" time="0.134" /><testcase classname="backend.tests.test_join_existing_team.TestAvailableTeamsEndpoint" name="test_available_teams_returns_list" time="0.128" /><testcase classname="backend.tests.test_join_existing_team.TestAvailableTeamsEndpoint" name="test_available_teams_has_required_fields" time="0.120" /><testcase classname="backend.tests.test_join_existing_team.TestAvailableTeamsEndpoint" name="test_available_teams_spots_remaining_positive" time="0.115" /><testcase classname="backend.tests.test_join_existing_team.TestAvailableTeamsEndpoint" name="test_available_teams_not_full" time="0.123" /><testcase classname="backend.tests.test_join_existing_team.TestAvailableTeamsEndpoint" name="test_available_teams_have_captain" time="0.132" /><testcase classname="backend.tests.test_join_existing_team.TestIndividualRegistrationWithTeamId" name="test_register_individual_without_team_id_still_works" time="0.112" /><testcase classname="backend.tests.test_join_existing_team.TestIndividualRegistrationWithTeamId" name="test_register_individual_with_valid_team_id" time="0.354" /><testcase classname="backend.tests.test_join_existing_team.TestIndividualRegistrationWithTeamId" name="test_register_individual_with_invalid_team_id" time="0.120" /><testcase classname="backend.tests.test_join_existing_team.TestIndividualRegistrationWithTeamId" name="test_register_individual_with_full_team_id" time="0.369" /><testcase classname="backend.tests.test_join_existing_team.TestAvailableTeamsFiltering" name="test_full_team_not_in_available" time="0.241" /><testcase classname="backend.tests.test_join_existing_team.TestAvailableTeamsFiltering" name="test_empty_team_not_in_available" time="0.131" /><testcase classname="backend.tests.test_join_existing_team.TestEndToEndJoinTeamFlow" name="test_full_flow_create_team_then_join" time="0.511" /></testsuite></testsuites>