<?xml version="1.0" encoding="utf-8"?><testsuites name="pytest tests"><testsuite name="pytest" errors="0" failures="0" skipped="0" tests="16" time="1.973" timestamp="2026-04-03T23:46:54.895884+00:00" hostname="agent-env-64f2cd86-7aff-47d8-9fb4-8491955bea0b"><testcase classname="backend.tests.test_tournament_features.TestTournamentInfo" name="test_tournament_info_returns_200" time="0.241" /><testcase classname="backend.tests.test_tournament_features.TestTournamentInfo" name="test_tournament_info_has_event_date" time="0.108" /><testcase classname="backend.tests.test_tournament_features.TestTournamentInfo" name="test_tournament_info_has_early_bird_fields" time="0.107" /><testcase classname="backend.tests.test_tournament_features.TestTournamentInfo" name="test_tournament_info_dynamic_pricing" time="0.110" /><testcase classname="backend.tests.test_tournament_features.TestTournamentInfo" name="test_tournament_info_has_all_required_fields" time="0.130" /><testcase classname="backend.tests.test_tournament_features.TestIndividualRegistration" name="test_individual_registration_success" time="0.114" /><testcase classname="backend.tests.test_tournament_features.TestIndividualRegistration" name="test_individual_registration_validation" time="0.099" /><testcase classname="backend.tests.test_tournament_features.TestTeamRegistration" name="test_team_registration_success" time="0.102" /><testcase classname="backend.tests.test_tournament_features.TestTeamRegistration" name="test_team_registration_full_team" time="0.114" /><testcase classname="backend.tests.test_tournament_features.TestTeamRegistration" name="test_team_registration_too_many_players" time="0.092" /><testcase classname="backend.tests.test_tournament_features.TestAdminEndpoints" name="test_admin_verify_valid_credentials" time="0.119" /><testcase classname="backend.tests.test_tournament_features.TestAdminEndpoints" name="test_admin_verify_invalid_credentials" time="0.113" /><testcase classname="backend.tests.test_tournament_features.TestAdminEndpoints" name="test_admin_dashboard" time="0.120" /><testcase classname="backend.tests.test_tournament_features.TestPublicEndpoints" name="test_api_root" time="0.100" /><testcase classname="backend.tests.test_tournament_features.TestPublicEndpoints" name="test_get_teams" time="0.103" /><testcase classname="backend.tests.test_tournament_features.TestPublicEndpoints" name="test_email_status" time="0.093" /></testsuite></testsuites>